<?xml version="1.0" encoding="UTF-8"?>
<coverage generated="1529315899954" clover="3.2.0">
  <project timestamp="1529315899954" name="All files">
    <metrics statements="9" coveredstatements="4" conditionals="2" coveredconditionals="1" methods="5" coveredmethods="1" elements="16" coveredelements="6" complexity="0" loc="9" ncloc="9" packages="2" files="2" classes="2">
      <package name="Wi-Fi-Analyzer-React-App">
        <metrics statements="1" coveredstatements="1" conditionals="0" coveredconditionals="0" methods="0" coveredmethods="0"/>
        <file name="setupTests.js" path="D:\moje\Wi-Fi-Analyzer-React-App\setupTests.js">
          <metrics statements="1" coveredstatements="1" conditionals="0" coveredconditionals="0" methods="0" coveredmethods="0"/>
          <line num="5" count="1" type="stmt"/>
        </file>
      </package>
      <package name="Wi-Fi-Analyzer-React-App.src.components.Select">
        <metrics statements="8" coveredstatements="3" conditionals="2" coveredconditionals="1" methods="5" coveredmethods="1"/>
        <file name="index.js" path="D:\moje\Wi-Fi-Analyzer-React-App\src\components\Select\index.js">
          <metrics statements="8" coveredstatements="3" conditionals="2" coveredconditionals="1" methods="5" coveredmethods="1"/>
          <line num="4" count="1" type="stmt"/>
          <line num="26" count="1" type="stmt"/>
          <line num="27" count="1" type="stmt"/>
          <line num="33" count="0" type="stmt"/>
          <line num="34" count="0" type="stmt"/>
          <line num="50" count="0" type="stmt"/>
          <line num="51" count="0" type="stmt"/>
          <line num="56" count="0" type="stmt"/>
        </file>
      </package>
    </metrics>
  </project>
</coverage>
