{"D:\\moje\\Wi-Fi-Analyzer-React-App\\setupTests.js": {"path":"D:\\moje\\Wi-Fi-Analyzer-React-App\\setupTests.js","statementMap":{"0":{"start":{"line":5,"column":0},"end":{"line":5,"column":38}}},"fnMap":{},"branchMap":{},"s":{"0":1},"f":{},"b":{},"_coverageSchema":"332fd63041d2c1bcb487cc26dd0d5f7d97098a6c","hash":"3d2908d2b3c7c421035ab437ecdc42a0aff53d0c"}
,"D:\\moje\\Wi-Fi-Analyzer-React-App\\src\\components\\Select\\index.js": {"path":"D:\\moje\\Wi-Fi-Analyzer-React-App\\src\\components\\Select\\index.js","statementMap":{"0":{"start":{"line":4,"column":22},"end":{"line":22,"column":1}},"1":{"start":{"line":26,"column":52},"end":{"line":26,"column":62}},"2":{"start":{"line":27,"column":8},"end":{"line":40,"column":10}},"3":{"start":{"line":33,"column":34},"end":{"line":33,"column":48}},"4":{"start":{"line":34,"column":20},"end":{"line":34,"column":36}},"5":{"start":{"line":50,"column":4},"end":{"line":52,"column":6}},"6":{"start":{"line":51,"column":39},"end":{"line":51,"column":66}},"7":{"start":{"line":56,"column":4},"end":{"line":58,"column":6}}},"fnMap":{"0":{"name":"(anonymous_0)","decl":{"start":{"line":25,"column":4},"end":{"line":25,"column":5}},"loc":{"start":{"line":25,"column":13},"end":{"line":41,"column":5}},"line":25},"1":{"name":"(anonymous_1)","decl":{"start":{"line":32,"column":34},"end":{"line":32,"column":35}},"loc":{"start":{"line":32,"column":39},"end":{"line":35,"column":17}},"line":32},"2":{"name":"renderOptions","decl":{"start":{"line":49,"column":9},"end":{"line":49,"column":22}},"loc":{"start":{"line":49,"column":32},"end":{"line":53,"column":1}},"line":49},"3":{"name":"(anonymous_3)","decl":{"start":{"line":51,"column":20},"end":{"line":51,"column":21}},"loc":{"start":{"line":51,"column":39},"end":{"line":51,"column":66}},"line":51},"4":{"name":"renderOption","decl":{"start":{"line":55,"column":9},"end":{"line":55,"column":21}},"loc":{"start":{"line":55,"column":46},"end":{"line":59,"column":1}},"line":55}},"branchMap":{"0":{"loc":{"start":{"line":37,"column":21},"end":{"line":37,"column":54}},"type":"binary-expr","locations":[{"start":{"line":37,"column":21},"end":{"line":37,"column":28}},{"start":{"line":37,"column":32},"end":{"line":37,"column":54}}],"line":37}},"s":{"0":1,"1":1,"2":1,"3":0,"4":0,"5":0,"6":0,"7":0},"f":{"0":1,"1":0,"2":0,"3":0,"4":0},"b":{"0":[1,0]},"_coverageSchema":"332fd63041d2c1bcb487cc26dd0d5f7d97098a6c","hash":"6e74670fb2f1f2e5e2c24138f7ce049c7c172180"}
}
