TN:
SF:D:\moje\Wi-Fi-Analyzer-React-App\setupTests.js
FNF:0
FNH:0
DA:5,1
LF:1
LH:1
BRF:0
BRH:0
end_of_record
TN:
SF:D:\moje\Wi-Fi-Analyzer-React-App\src\components\Select\index.js
FN:25,(anonymous_0)
FN:32,(anonymous_1)
FN:49,renderOptions
FN:51,(anonymous_3)
FN:55,renderOption
FNF:5
FNH:1
FNDA:1,(anonymous_0)
FNDA:0,(anonymous_1)
FNDA:0,renderOptions
FNDA:0,(anonymous_3)
FNDA:0,renderOption
DA:4,1
DA:26,1
DA:27,1
DA:33,0
DA:34,0
DA:50,0
DA:51,0
DA:56,0
LF:8
LH:3
BRDA:37,0,0,1
BRDA:37,0,1,0
BRF:2
BRH:1
end_of_record
